[23Feb2025 00:28:36.842] [Server thread/WARN] [net.minecraft.server.MinecraftServer/]: Can't keep up! Is the server overloaded? Running 2028ms or 40 ticks behind
[23Feb2025 00:28:59.371] [Server thread/WARN] [net.minecraft.server.MinecraftServer/]: Can't keep up! Is the server overloaded? Running 2008ms or 40 ticks behind
[23Feb2025 00:29:30.874] [Server thread/WARN] [net.minecraft.server.MinecraftServer/]: Can't keep up! Is the server overloaded? Running 2011ms or 40 ticks behind
[23Feb2025 00:29:47.984] [Server thread/WARN] [net.minecraft.server.MinecraftServer/]: Can't keep up! Is the server overloaded? Running 2120ms or 42 ticks behind
[23Feb2025 00:32:38.293] [Server thread/INFO] [net.minecraftforge.coremod.CoreMod.apotheosis/COREMODLOG]: Replaced 1 calls to Enchantment#getMaxLevel() in com/mrcrayfish/goblintraders/Hooks
[23Feb2025 00:34:00.692] [Server thread/INFO] [net.minecraft.server.MinecraftServer/]: Streeg11 has made the advancement [Limit Breaker]
[23Feb2025 00:40:11.652] [Netty Epoll Server IO #6/INFO] [Calio/]: Received acknowledgment for login packet with id 212
[23Feb2025 00:40:11.808] [Netty Epoll Server IO #6/INFO] [Calio/]: Received acknowledgment for login packet with id 213
[23Feb2025 00:40:11.845] [Netty Epoll Server IO #6/INFO] [Calio/]: Received acknowledgment for login packet with id 214
[23Feb2025 00:40:11.846] [Netty Epoll Server IO #6/INFO] [Calio/]: Received acknowledgment for login packet with id 215
[23Feb2025 00:40:11.846] [Netty Epoll Server IO #6/INFO] [Calio/]: Received acknowledgment for login packet with id 216
[23Feb2025 00:40:11.998] [Netty Epoll Server IO #6/INFO] [Calio/]: Received acknowledgment for login packet with id 217
[23Feb2025 00:40:11.998] [Netty Epoll Server IO #6/INFO] [Calio/]: Received acknowledgment for login packet with id 218
[23Feb2025 00:40:11.999] [Netty Epoll Server IO #6/INFO] [Calio/]: Received acknowledgment for login packet with id 219
[23Feb2025 00:40:11.999] [Netty Epoll Server IO #6/INFO] [Calio/]: Received acknowledgment for login packet with id 220
[23Feb2025 00:40:12.180] [Netty Epoll Server IO #6/INFO] [Calio/]: Received acknowledgment for login packet with id 221
[23Feb2025 00:40:12.181] [Netty Epoll Server IO #6/INFO] [Calio/]: Received acknowledgment for login packet with id 222
[23Feb2025 00:40:12.181] [Netty Epoll Server IO #6/INFO] [Calio/]: Received acknowledgment for login packet with id 223
[23Feb2025 00:40:12.686] [Netty Epoll Server IO #6/INFO] [Calio/]: Received acknowledgment for login packet with id 224
[23Feb2025 00:40:12.687] [Netty Epoll Server IO #6/INFO] [Calio/]: Received acknowledgment for login packet with id 225
[23Feb2025 00:40:12.726] [Netty Epoll Server IO #6/INFO] [Calio/]: Received acknowledgment for login packet with id 226
[23Feb2025 00:40:12.727] [Netty Epoll Server IO #6/INFO] [Calio/]: Received acknowledgment for login packet with id 227
[23Feb2025 00:40:13.254] [Server thread/INFO] [net.minecraft.server.players.PlayerList/]: DarkShadow[/127.209.193.18:60289] logged in with entity id 26570 at (-10.26184412998789, 72.0, 407.1957712698286)
[23Feb2025 00:40:13.295] [Server thread/INFO] [ModdingLegacy/blue_skies/]: Sending ToolHandleTypeManager to DarkShadow
[23Feb2025 00:40:13.295] [Server thread/INFO] [ModdingLegacy/blue_skies/]: Sending SnowcapOvenFreezingManager to DarkShadow
[23Feb2025 00:40:13.296] [Server thread/INFO] [ModdingLegacy/blue_skies/]: Sending HorizoniteForgeFuelManager to DarkShadow
[23Feb2025 00:40:13.296] [Server thread/INFO] [ModdingLegacy/blue_skies/]: Sending AlchemyRecipeManager to DarkShadow
[23Feb2025 00:40:13.297] [Server thread/INFO] [ModdingLegacy/blue_skies/]: Sending JournalEntryManager to DarkShadow
[23Feb2025 00:40:13.299] [Server thread/INFO] [ModdingLegacy/blue_skies/]: Sending JournalSectionManager to DarkShadow
[23Feb2025 00:40:13.299] [Server thread/INFO] [ModdingLegacy/blue_skies/]: Sending JournalRequirementManager to DarkShadow
[23Feb2025 00:40:13.338] [Server thread/INFO] [net.minecraft.server.MinecraftServer/]: DarkShadow joined the game
[23Feb2025 00:40:13.402] [Server thread/INFO] [Treasure Bags/]: Sending 9 bag types to DarkShadow
[23Feb2025 00:40:13.417] [Server thread/INFO] [MapFrontiers/]: PlayerJoinedEvent done (554f5f3d-1fcb-3767-ac86-e6a353520e90)
[23Feb2025 00:40:13.420] [Server thread/INFO] [se.mickelus.tetra.data.DataManager/]: Sending data to client: DarkShadow
[23Feb2025 00:40:13.437] [Server thread/INFO] [Jade/]: Syncing config to DarkShadow (554f5f3d-1fcb-3767-ac86-e6a353520e90)
[23Feb2025 00:40:13.489] [Server thread/INFO] [survive/]: Syncing All Data To Client (DarkShadow)
[23Feb2025 00:40:13.489] [Server thread/INFO] [survive/]: Syncing Armor Data
[23Feb2025 00:40:13.490] [Server thread/INFO] [survive/]: Done with Armors
[23Feb2025 00:40:13.490] [Server thread/INFO] [survive/]: Syncing Fluid Data
[23Feb2025 00:40:13.490] [Server thread/INFO] [survive/]: Done with Fluids
[23Feb2025 00:40:13.490] [Server thread/INFO] [survive/]: Syncing Biome Data
[23Feb2025 00:40:13.490] [Server thread/INFO] [survive/]: Done syncing 15 biomes
[23Feb2025 00:40:17.091] [Server thread/INFO] [ping-wheel/]: [Ping-Wheel] Channel update: DarkShadow -> Global
[23Feb2025 00:40:17.091] [Server thread/INFO] [org.betterx.worlds.together.util.Logger/]: [bclib] Auto-Sync was disabled on the server.
[23Feb2025 00:40:49.650] [Server thread/WARN] [net.minecraft.server.level.ServerPlayerGameMode/]: Mismatch in destroy block pos: BlockPos{x=1235, y=59, z=-65} BlockPos{x=1235, y=57, z=-66}
[23Feb2025 00:42:27.103] [Server thread/INFO] [net.minecraft.world.entity.LivingEntity/]: Named entity Guard['Teena'/8, l='ServerLevel[world]', x=6.79, y=63.00, z=228.70] died: Teena was slain by DarkShadow
[23Feb2025 00:43:10.902] [Server thread/INFO] [net.minecraft.server.MinecraftServer/]: <DarkShadow> no te escucho
[23Feb2025 00:43:22.249] [Server thread/INFO] [net.minecraft.server.MinecraftServer/]: DarkShadow has made the advancement [You Are A Pirate]
[23Feb2025 00:43:44.410] [Server thread/INFO] [net.minecraft.server.MinecraftServer/]: <DarkShadow> puedo caminar en el agua
[23Feb2025 00:43:48.412] [Server thread/INFO] [net.minecraft.server.MinecraftServer/]: <Streeg11> :v
[23Feb2025 00:43:50.109] [Server thread/INFO] [net.minecraft.server.MinecraftServer/]: <Streeg11> es por las botas
[23Feb2025 00:43:50.811] [Server thread/INFO] [net.minecraft.server.MinecraftServer/]: <Streeg11> creo
[23Feb2025 00:43:53.403] [Server thread/INFO] [net.minecraft.server.MinecraftServer/]: <Streeg11> q en breves nos tocara
[23Feb2025 00:43:56.056] [Server thread/INFO] [net.minecraft.server.MinecraftServer/]: <Streeg11> escuche nuestro nombre
[23Feb2025 00:44:15.098] [Server thread/INFO] [net.minecraft.server.MinecraftServer/]: DarkShadow has made the advancement [Monster Hunter]
[23Feb2025 00:44:40.255] [Server thread/INFO] [net.minecraft.server.MinecraftServer/]: DarkShadow has made the advancement [Stone Age]
[23Feb2025 00:45:15.146] [Server thread/INFO] [net.minecraft.server.MinecraftServer/]: <DarkShadow> ya toy en dota tambien uwu
[23Feb2025 00:46:29.271] [Server thread/INFO] [net.minecraft.server.MinecraftServer/]: DarkShadow has made the advancement [Not a Diamond]
[23Feb2025 00:48:38.457] [Server thread/WARN] [net.minecraft.server.MinecraftServer/]: Can't keep up! Is the server overloaded? Running 2043ms or 40 ticks behind
[23Feb2025 00:49:05.065] [Server thread/INFO] [net.minecraft.server.MinecraftServer/]: Streeg11 was slain by Nether Gauntlet
[23Feb2025 00:49:05.335] [Netty Epoll Server IO #2/ERROR] [net.bettercombat.network.ServerNetwork/]: Server handling Packets.C2S_AttackRequest - No current attack hand!
[23Feb2025 00:49:05.335] [Netty Epoll Server IO #2/ERROR] [net.bettercombat.network.ServerNetwork/]: Combo count: 4 is dual wielding: false
[23Feb2025 00:49:05.335] [Netty Epoll Server IO #2/ERROR] [net.bettercombat.network.ServerNetwork/]: Main-hand stack: 0 air
[23Feb2025 00:49:05.336] [Netty Epoll Server IO #2/ERROR] [net.bettercombat.network.ServerNetwork/]: Off-hand stack: 0 air
[23Feb2025 00:49:05.336] [Netty Epoll Server IO #2/ERROR] [net.bettercombat.network.ServerNetwork/]: Selected slot server: 0 | client: 0
[23Feb2025 00:49:05.345] [Server thread/INFO] [net.minecraft.server.MinecraftServer/]: <DarkShadow> se
[23Feb2025 00:49:25.319] [Server thread/WARN] [net.minecraft.server.MinecraftServer/]: Can't keep up! Is the server overloaded? Running 2005ms or 40 ticks behind
[23Feb2025 00:49:32.003] [Server thread/INFO] [net.minecraft.server.MinecraftServer/]: Streeg11 was slain by Nether Gauntlet
[23Feb2025 00:50:11.150] [Worker-Main-2/WARN] [com.finndog.mvs.MVSCommon/]: Moog's Voyager Structures: Empty or nonexistent pool: mvs:farm/side_pool which is being called from mvs:other_decoration/wheat_grain_bin
[23Feb2025 00:50:20.848] [Server thread/INFO] [net.minecraft.server.MinecraftServer/]: Streeg11 was slain by Nether Gauntlet
[23Feb2025 00:50:33.801] [Server thread/INFO] [net.minecraft.server.MinecraftServer/]: [Streeg11: Set own game mode to Creative Mode]
[23Feb2025 00:50:37.869] [Worker-Main-3/WARN] [net.minecraft.world.level.levelgen.heightproviders.UniformHeight/]: Empty height range: [6 above bottom--1 absolute]
[23Feb2025 00:50:37.870] [Worker-Main-3/WARN] [net.minecraft.world.level.levelgen.heightproviders.UniformHeight/]: Empty height range: [6 above bottom--1 absolute]
[23Feb2025 00:50:37.870] [Worker-Main-3/WARN] [net.minecraft.world.level.levelgen.heightproviders.UniformHeight/]: Empty height range: [6 above bottom--1 absolute]
[23Feb2025 00:50:58.202] [Worker-Main-3/ERROR] [net.minecraft.world.entity.decoration.HangingEntity/]: Hanging entity at invalid position: BlockPos{x=-49, y=-56, z=187}
[23Feb2025 00:50:58.204] [Worker-Main-3/ERROR] [net.minecraft.world.entity.decoration.HangingEntity/]: Hanging entity at invalid position: BlockPos{x=-49, y=-56, z=189}
[23Feb2025 00:50:58.204] [Worker-Main-3/ERROR] [net.minecraft.world.entity.decoration.HangingEntity/]: Hanging entity at invalid position: BlockPos{x=-48, y=-56, z=186}
[23Feb2025 00:50:58.204] [Worker-Main-3/ERROR] [net.minecraft.world.entity.decoration.HangingEntity/]: Hanging entity at invalid position: BlockPos{x=-45, y=-56, z=187}
[23Feb2025 00:50:58.205] [Worker-Main-3/ERROR] [net.minecraft.world.entity.decoration.HangingEntity/]: Hanging entity at invalid position: BlockPos{x=-46, y=-56, z=186}
[23Feb2025 00:50:58.205] [Worker-Main-3/ERROR] [net.minecraft.world.entity.decoration.HangingEntity/]: Hanging entity at invalid position: BlockPos{x=-48, y=-56, z=190}
[23Feb2025 00:50:58.205] [Worker-Main-3/ERROR] [net.minecraft.world.entity.decoration.HangingEntity/]: Hanging entity at invalid position: BlockPos{x=-46, y=-56, z=190}
[23Feb2025 00:50:58.206] [Worker-Main-3/ERROR] [net.minecraft.world.entity.decoration.HangingEntity/]: Hanging entity at invalid position: BlockPos{x=-45, y=-56, z=189}
[23Feb2025 00:51:02.863] [Worker-Main-3/ERROR] [net.minecraft.world.entity.animal.allay.Allay/]: No key selector in MapLike[{event_delay:0,event_distance:0.0f,range:16,source:{source_entity:[I;672061792,-366263352,-1752079043,-405291646],type:"minecraft:entity",y_offset:0.36f}}]
[23Feb2025 00:51:02.904] [Worker-Main-3/ERROR] [net.minecraft.world.entity.decoration.HangingEntity/]: Hanging entity at invalid position: BlockPos{x=-21, y=-51, z=186}
[23Feb2025 00:51:02.905] [Worker-Main-3/ERROR] [net.minecraft.world.entity.animal.allay.Allay/]: No key selector in MapLike[{event_delay:0,event_distance:0.0f,range:16,source:{source_entity:[I;176865803,-972338229,-2060744252,-623071664],type:"minecraft:entity",y_offset:0.36f}}]
[23Feb2025 00:51:06.162] [Server thread/WARN] [net.minecraft.server.MinecraftServer/]: Can't keep up! Is the server overloaded? Running 2048ms or 40 ticks behind
[23Feb2025 00:53:02.640] [Worker-Main-3/WARN] [com.finndog.mvs.MVSCommon/]: Moog's Voyager Structures: Empty or nonexistent pool: mvs:farm/side_pool which is being called from mvs:nature/long_oak_pathway
[23Feb2025 00:53:02.640] [Worker-Main-3/WARN] [com.finndog.mvs.MVSCommon/]: Moog's Voyager Structures: Empty or nonexistent pool: mvs:farm/side_pool which is being called from mvs:nature/long_oak_pathway
[23Feb2025 00:53:02.641] [Worker-Main-3/WARN] [com.finndog.mvs.MVSCommon/]: Moog's Voyager Structures: Empty or nonexistent pool: mvs:farm/side_pool which is being called from mvs:nature/long_oak_pathway
[23Feb2025 00:53:02.641] [Worker-Main-3/WARN] [com.finndog.mvs.MVSCommon/]: Moog's Voyager Structures: Empty or nonexistent pool: mvs:farm/side_pool which is being called from mvs:nature/long_oak_pathway
[23Feb2025 00:53:02.641] [Worker-Main-3/WARN] [com.finndog.mvs.MVSCommon/]: Moog's Voyager Structures: Empty or nonexistent pool: mvs:farm/side_pool which is being called from mvs:nature/long_oak_pathway
[23Feb2025 00:53:03.547] [Server thread/INFO] [net.minecraft.server.MinecraftServer/]: DarkShadow has made the advancement [Voluntary Exile]
[23Feb2025 00:53:54.280] [Server thread/INFO] [net.minecraft.world.entity.npc.Villager/]: Villager Villager['Rene'/38117, l='ServerLevel[world]', x=-31.28, y=75.00, z=397.28] died, message: 'Rene was slain by Streeg11'
[23Feb2025 00:53:54.282] [Server thread/INFO] [net.minecraft.world.entity.LivingEntity/]: Named entity Villager['Rene'/38117, l='ServerLevel[world]', x=-31.28, y=75.00, z=397.28] died: Rene was slain by Streeg11
[23Feb2025 00:54:29.728] [Server thread/INFO] [net.minecraft.world.entity.npc.Villager/]: Villager Villager['Palmer'/35601, l='ServerLevel[world]', x=70.70, y=61.05, z=-588.82] died, message: 'Palmer drowned'
[23Feb2025 00:54:29.728] [Server thread/INFO] [net.minecraft.world.entity.LivingEntity/]: Named entity Villager['Palmer'/35601, l='ServerLevel[world]', x=70.70, y=61.05, z=-588.82] died: Palmer drowned
[23Feb2025 00:54:33.726] [Server thread/INFO] [net.minecraft.server.MinecraftServer/]: [Streeg11: Set own game mode to Survival Mode]
[23Feb2025 00:58:17.816] [Server thread/INFO] [net.minecraft.server.MinecraftServer/]: [Streeg11: Set own game mode to Creative Mode]
[23Feb2025 00:58:22.589] [Server thread/INFO] [net.minecraft.world.entity.LivingEntity/]: Named entity Skeleton['Honeyed Archer'/36826, l='ServerLevel[world]', x=-143.12, y=89.92, z=424.12] died: Honeyed Archer suffocated in a wall
[23Feb2025 00:58:23.717] [Server thread/INFO] [net.minecraft.server.MinecraftServer/]: [Streeg11: Set own game mode to Survival Mode]
[23Feb2025 01:01:13.064] [Server thread/INFO] [net.minecraft.server.MinecraftServer/]: [Streeg11: Set the time to 1000]
[23Feb2025 01:01:45.787] [Server thread/INFO] [net.minecraft.server.MinecraftServer/]: [Streeg11: Set own game mode to Creative Mode]
[23Feb2025 01:01:49.487] [Server thread/INFO] [net.minecraft.world.entity.npc.Villager/]: Villager Villager['Daniela'/43441, l='ServerLevel[world]', x=-50.29, y=76.00, z=370.32] died, message: 'Daniela was slain by Streeg11'
[23Feb2025 01:01:49.488] [Server thread/INFO] [net.minecraft.world.entity.LivingEntity/]: Named entity Villager['Daniela'/43441, l='ServerLevel[world]', x=-50.29, y=76.00, z=370.32] died: Daniela was slain by Streeg11
[23Feb2025 01:01:52.816] [Server thread/INFO] [net.minecraft.world.entity.npc.Villager/]: Villager Villager['Rosalinda'/43503, l='ServerLevel[world]', x=-57.14, y=76.00, z=370.14] died, message: 'Rosalinda was slain by Streeg11'
[23Feb2025 01:01:52.817] [Server thread/INFO] [net.minecraft.world.entity.LivingEntity/]: Named entity Villager['Rosalinda'/43503, l='ServerLevel[world]', x=-57.14, y=76.00, z=370.14] died: Rosalinda was slain by Streeg11
[23Feb2025 01:01:52.820] [Server thread/INFO] [net.minecraft.world.entity.npc.Villager/]: Villager Villager['Jody'/300, l='ServerLevel[world]', x=-62.42, y=76.00, z=364.63] died, message: 'Jody was slain by Streeg11'
[23Feb2025 01:01:52.821] [Server thread/INFO] [net.minecraft.world.entity.LivingEntity/]: Named entity Villager['Jody'/300, l='ServerLevel[world]', x=-62.42, y=76.00, z=364.63] died: Jody was slain by Streeg11
[23Feb2025 01:01:52.825] [Server thread/INFO] [net.minecraft.world.entity.npc.Villager/]: Villager Villager['Blondell'/301, l='ServerLevel[world]', x=-60.56, y=76.00, z=364.56] died, message: 'Blondell was slain by Streeg11'
[23Feb2025 01:01:52.826] [Server thread/INFO] [net.minecraft.world.entity.LivingEntity/]: Named entity Villager['Blondell'/301, l='ServerLevel[world]', x=-60.56, y=76.00, z=364.56] died: Blondell was slain by Streeg11
[23Feb2025 01:01:52.830] [Server thread/INFO] [net.minecraft.world.entity.npc.Villager/]: Villager Villager['Kelly'/318, l='ServerLevel[world]', x=-57.36, y=69.56, z=364.40] died, message: 'Kelly was slain by Streeg11'
[23Feb2025 01:01:52.830] [Server thread/INFO] [net.minecraft.world.entity.LivingEntity/]: Named entity Villager['Kelly'/318, l='ServerLevel[world]', x=-57.36, y=69.56, z=364.40] died: Kelly was slain by Streeg11
[23Feb2025 01:01:58.159] [Server thread/INFO] [net.minecraft.world.entity.npc.Villager/]: Villager Villager['Ona'/35617, l='ServerLevel[world]', x=84.49, y=67.00, z=-604.60] died, message: 'Ona was shot by Pillager'
[23Feb2025 01:01:58.160] [Server thread/INFO] [net.minecraft.world.entity.LivingEntity/]: Named entity Villager['Ona'/35617, l='ServerLevel[world]', x=84.49, y=67.00, z=-604.60] died: Ona was shot by Pillager
[23Feb2025 01:02:00.161] [Server thread/INFO] [net.minecraft.server.MinecraftServer/]: [Streeg11: Set own game mode to Survival Mode]
[23Feb2025 01:03:17.206] [Server thread/INFO] [net.minecraft.world.entity.npc.Villager/]: Villager Villager['Alvaro'/23, l='ServerLevel[world]', x=43.90, y=63.11, z=201.30] died, message: 'Alvaro was poked to death by a sweet berry bush'
[23Feb2025 01:03:17.207] [Server thread/INFO] [net.minecraft.world.entity.LivingEntity/]: Named entity Villager['Alvaro'/23, l='ServerLevel[world]', x=43.90, y=63.11, z=201.30] died: Alvaro was poked to death by a sweet berry bush
[23Feb2025 01:03:53.556] [Server thread/WARN] [net.minecraft.server.network.ServerGamePacketListenerImpl/]: DarkShadow moved wrongly!
[23Feb2025 01:07:36.318] [Server thread/WARN] [net.minecraft.server.MinecraftServer/]: Can't keep up! Is the server overloaded? Running 2005ms or 40 ticks behind
[23Feb2025 01:07:44.984] [Worker-Main-2/ERROR] [net.minecraft.world.entity.decoration.HangingEntity/]: Hanging entity at invalid position: BlockPos{x=-33, y=-52, z=-356}
[23Feb2025 01:07:44.985] [Worker-Main-2/ERROR] [net.minecraft.world.entity.decoration.HangingEntity/]: Hanging entity at invalid position: BlockPos{x=-39, y=-51, z=-358}
[23Feb2025 01:07:44.985] [Worker-Main-2/ERROR] [net.minecraft.world.entity.decoration.HangingEntity/]: Hanging entity at invalid position: BlockPos{x=-39, y=-51, z=-356}
[23Feb2025 01:07:44.985] [Worker-Main-2/ERROR] [net.minecraft.world.entity.decoration.HangingEntity/]: Hanging entity at invalid position: BlockPos{x=-35, y=-51, z=-362}
[23Feb2025 01:07:44.986] [Worker-Main-2/ERROR] [net.minecraft.world.entity.decoration.HangingEntity/]: Hanging entity at invalid position: BlockPos{x=-36, y=-56, z=-356}
[23Feb2025 01:07:45.015] [Worker-Main-3/ERROR] [net.minecraft.world.entity.decoration.HangingEntity/]: Hanging entity at invalid position: BlockPos{x=-27, y=-51, z=-356}
[23Feb2025 01:07:45.016] [Worker-Main-3/ERROR] [net.minecraft.world.entity.decoration.HangingEntity/]: Hanging entity at invalid position: BlockPos{x=-26, y=-57, z=-359}
